[01m[K/home/joannerizkallah/assignment3/src/dummy_node2/src/dummy_cpp_node.cpp:[m[K In member function â€˜[01m[Kvoid action_cpp::CustomActionClient::send_goal()[m[Kâ€™:
[01m[K/home/joannerizkallah/assignment3/src/dummy_node2/src/dummy_cpp_node.cpp:48:14:[m[K [01;31m[Kerror: [m[Kâ€˜[01m[Kstruct interfaces::action::Custom_Goal_<std::allocator<void> >[m[Kâ€™ has no member named â€˜[01m[Kline_velocity[m[Kâ€™; did you mean â€˜[01m[Klinear_velocity[m[Kâ€™?
   48 |     goal_msg.[01;31m[Kline_velocity[m[K = 2;
      |              [01;31m[K^~~~~~~~~~~~~[m[K
      |              [32m[Klinear_velocity[m[K
[01m[K/home/joannerizkallah/assignment3/src/dummy_node2/src/dummy_cpp_node.cpp:49:5:[m[K [01;31m[Kerror: [m[Kâ€˜[01m[Kgoal[m[Kâ€™ was not declared in this scope
   49 |     [01;31m[Kgoal[m[K.distance = 10;
      |     [01;31m[K^~~~[m[K
gmake[2]: *** [CMakeFiles/action_client.dir/build.make:76: CMakeFiles/action_client.dir/src/dummy_cpp_node.cpp.o] Error 1
gmake[1]: *** [CMakeFiles/Makefile2:141: CMakeFiles/action_client.dir/all] Error 2
gmake: *** [Makefile:146: all] Error 2
