[0.074s] Invoking command in '/home/joannerizkallah/assignment3/build/interfaces': CMAKE_PREFIX_PATH=${CMAKE_PREFIX_PATH}:/opt/ros/humble /usr/bin/cmake --build /home/joannerizkallah/assignment3/build/interfaces -- -j4 -l4
[0.205s] [  9%] Built target interfaces__rosidl_generator_c
[0.217s] [ 12%] Built target interfaces__cpp
[0.229s] [ 12%] Built target ament_cmake_python_copy_interfaces
[0.281s] [ 22%] Built target interfaces__rosidl_typesupport_fastrtps_c
[0.284s] [ 32%] Built target interfaces__rosidl_typesupport_introspection_c
[0.293s] [ 41%] Built target interfaces__rosidl_typesupport_c
[0.301s] [ 51%] Built target interfaces__rosidl_typesupport_fastrtps_cpp
[0.325s] [ 61%] Built target interfaces__rosidl_typesupport_introspection_cpp
[0.329s] [ 70%] Built target interfaces__rosidl_typesupport_cpp
[0.388s] [ 70%] Built target interfaces
[0.430s] [ 74%] Built target interfaces__py
[0.499s] [ 80%] Built target interfaces__rosidl_generator_py
[0.574s] [ 87%] Built target interfaces__rosidl_typesupport_introspection_c__pyext
[0.576s] [ 93%] Built target interfaces__rosidl_typesupport_c__pyext
[0.580s] [100%] Built target interfaces__rosidl_typesupport_fastrtps_c__pyext
[0.696s] running egg_info
[0.698s] writing interfaces.egg-info/PKG-INFO
[0.703s] writing dependency_links to interfaces.egg-info/dependency_links.txt
[0.703s] writing top-level names to interfaces.egg-info/top_level.txt
[0.706s] reading manifest file 'interfaces.egg-info/SOURCES.txt'
[0.708s] writing manifest file 'interfaces.egg-info/SOURCES.txt'
[0.764s] [100%] Built target ament_cmake_python_build_interfaces_egg
[0.793s] Invoked command in '/home/joannerizkallah/assignment3/build/interfaces' returned '0': CMAKE_PREFIX_PATH=${CMAKE_PREFIX_PATH}:/opt/ros/humble /usr/bin/cmake --build /home/joannerizkallah/assignment3/build/interfaces -- -j4 -l4
[1.004s] Traceback (most recent call last):
  File "/usr/lib/python3/dist-packages/colcon_parallel_executor/executor/parallel.py", line 67, in execute
    loop.run_until_complete(future)
  File "/usr/lib/python3.10/asyncio/base_events.py", line 633, in run_until_complete
    self.run_forever()
  File "/usr/lib/python3.10/asyncio/base_events.py", line 600, in run_forever
    self._run_once()
  File "/usr/lib/python3.10/asyncio/base_events.py", line 1860, in _run_once
    event_list = self._selector.select(timeout)
  File "/usr/lib/python3.10/selectors.py", line 469, in select
    fd_event_list = self._selector.poll(timeout, max_ev)
KeyboardInterrupt

During handling of the above exception, another exception occurred:

Traceback (most recent call last):
  File "/usr/lib/python3/dist-packages/colcon_core/executor/__init__.py", line 91, in __call__
    rc = await self.task(*args, **kwargs)
  File "/usr/lib/python3/dist-packages/colcon_core/task/__init__.py", line 93, in __call__
    return await task_method(*args, **kwargs)
  File "/usr/lib/python3/dist-packages/colcon_ros/task/ament_cmake/build.py", line 59, in build
    rc = await extension.build(
  File "/usr/lib/python3/dist-packages/colcon_cmake/task/cmake/build.py", line 110, in build
    if await has_target(args.build_base, 'install'):
  File "/usr/lib/python3/dist-packages/colcon_cmake/task/cmake/__init__.py", line 57, in has_target
    return target in await get_makefile_targets(path)
  File "/usr/lib/python3/dist-packages/colcon_cmake/task/cmake/__init__.py", line 77, in get_makefile_targets
    output = await check_output([
  File "/usr/lib/python3/dist-packages/colcon_core/subprocess.py", line 128, in check_output
    assert not rc, f'Expected {args} to pass: {stderr_data}'
AssertionError: Expected ['/usr/bin/cmake', '--build', '/home/joannerizkallah/assignment3/build/interfaces', '--target', 'help'] to pass: gmake: *** wait: No child processes.  Stop.
gmake: *** Waiting for unfinished jobs....
gmake: *** wait: No child processes.  Stop.

