[0.097s] Invoking command in '/home/joannerizkallah/assignment3/build/dummy_node1': AMENT_PREFIX_PATH=/home/joannerizkallah/assignment3/install/interfaces:${AMENT_PREFIX_PATH} CMAKE_PREFIX_PATH=/home/joannerizkallah/assignment3/install/interfaces:/opt/ros/humble LD_LIBRARY_PATH=/home/joannerizkallah/assignment3/install/interfaces/lib:${LD_LIBRARY_PATH} PYTHONPATH=/home/joannerizkallah/assignment3/install/interfaces/local/lib/python3.10/dist-packages:${PYTHONPATH} /usr/bin/cmake --build /home/joannerizkallah/assignment3/build/dummy_node1 -- -j4 -l4
[0.246s] [35m[1mConsolidate compiler generated dependencies of target action_server[0m
[0.275s] [35m[1mConsolidate compiler generated dependencies of target dummy_server[0m
[0.282s] [35m[1mConsolidate compiler generated dependencies of target dummy_cpp_node[0m
[0.299s] [ 12%] [32mBuilding CXX object CMakeFiles/action_server.dir/src/dummy_cpp_node.cpp.o[0m
[0.303s] [ 37%] Built target dummy_server
[0.304s] [ 50%] [32mBuilding CXX object CMakeFiles/dummy_exe.dir/src/dummy_cpp_node.cpp.o[0m
[0.323s] [ 75%] Built target dummy_cpp_node
[0.373s] [01m[K/home/joannerizkallah/assignment3/src/dummy_node1/src/dummy_cpp_node.cpp:5:10:[m[K [01;31m[Kfatal error: [m[Kinterfaces/action/custom.hpp: No such file or directory
[0.373s]     5 | #include [01;31m[K"interfaces/action/custom.hpp"[m[K
[0.373s]       |          [01;31m[K^~~~~~~~~~~~~~~~~~~~~~~~~~~~~~[m[K
[0.373s] compilation terminated.
[0.375s] gmake[2]: *** [CMakeFiles/dummy_exe.dir/build.make:76: CMakeFiles/dummy_exe.dir/src/dummy_cpp_node.cpp.o] Error 1
[0.375s] gmake[1]: *** [CMakeFiles/Makefile2:221: CMakeFiles/dummy_exe.dir/all] Error 2
[0.375s] gmake[1]: *** Waiting for unfinished jobs....
[4.090s] [01m[K/home/joannerizkallah/assignment3/src/dummy_node1/src/dummy_cpp_node.cpp:[m[K In constructor â€˜[01m[Kaction_cpp::CustomActionServer::CustomActionServer(const rclcpp::NodeOptions&)[m[Kâ€™:
[4.090s] [01m[K/home/joannerizkallah/assignment3/src/dummy_node1/src/dummy_cpp_node.cpp:31:80:[m[K [01;31m[Kerror: [m[Kâ€˜[01m[Kconst string[m[Kâ€™ {aka â€˜[01m[Kconst class std::__cxx11::basic_string<char>[m[Kâ€™} has no member named â€˜[01m[Kstod[m[Kâ€™
[4.090s]    31 |  this->get_parameter("default_max_linear_velocity").as_string().[01;31m[Kstod[m[K();
[4.090s]       |                                                                 [01;31m[K^~~~[m[K
[4.090s] 
[4.090s] [01m[K/home/joannerizkallah/assignment3/src/dummy_node1/src/dummy_cpp_node.cpp:[m[K In member function â€˜[01m[Krclcpp_action::GoalResponse action_cpp::CustomActionServer::handle_goal(const GoalUUID&, std::shared_ptr<const interfaces::action::Custom_Goal_<std::allocator<void> > >)[m[Kâ€™:
[4.090s] [01m[K/home/joannerizkallah/assignment3/src/dummy_node1/src/dummy_cpp_node.cpp:40:41:[m[K [01;35m[Kwarning: [m[Kunused parameter â€˜[01m[Kgoal[m[Kâ€™ [[01;35m[K]8;;https://gcc.gnu.org/onlinedocs/gcc/Warning-Options.html#index-Wunused-parameter-Wunused-parameter]8;;[m[K]
[4.090s]    40 |     [01;35m[Kstd::shared_ptr<const Custom::Goal> goal[m[K)
[4.090s]       |     [01;35m[K~~~~~~~~~~~~~~~~~~~~~~~~~~~~~~~~~~~~^~~~[m[K
[4.102s] [01m[K/home/joannerizkallah/assignment3/src/dummy_node1/src/dummy_cpp_node.cpp:[m[K In member function â€˜[01m[Kvoid action_cpp::CustomActionServer::execute(std::shared_ptr<rclcpp_action::ServerGoalHandle<interfaces::action::Custom> >)[m[Kâ€™:
[4.102s] [01m[K/home/joannerizkallah/assignment3/src/dummy_node1/src/dummy_cpp_node.cpp:88:37:[m[K [01;31m[Kerror: [m[Kno match for â€˜[01m[Koperator-[m[Kâ€™ (operand types are â€˜[01m[Kdouble[m[Kâ€™ and â€˜[01m[Kstd::chrono::duration<double>[m[Kâ€™)
[4.102s]    88 |       distanceToTarget_ = [32m[Kdistance_[m[K [01;31m[K-[m[K [34m[K(elapsed_seconds*velocity_)[m[K;
[4.102s]       |                           [32m[K~~~~~~~~~[m[K [01;31m[K^[m[K [34m[K~~~~~~~~~~~~~~~~~~~~~~~~~~~[m[K
[4.103s]       |                           [32m[K|[m[K                           [34m[K|[m[K
[4.103s]       |                           [32m[Kdouble[m[K                      [34m[Kstd::chrono::duration<double>[m[K
[4.103s] In file included from [01m[K/usr/include/c++/11/bits/stl_algobase.h:67[m[K,
[4.103s]                  from [01m[K/usr/include/c++/11/array:40[m[K,
[4.103s]                  from [01m[K/usr/include/c++/11/tuple:39[m[K,
[4.103s]                  from [01m[K/usr/include/c++/11/functional:54[m[K,
[4.103s]                  from [01m[K/home/joannerizkallah/assignment3/src/dummy_node1/src/dummy_cpp_node.cpp:1[m[K:
[4.103s] [01m[K/usr/include/c++/11/bits/stl_iterator.h:560:5:[m[K [01;36m[Knote: [m[Kcandidate: â€˜[01m[Ktemplate<class _IteratorL, class _IteratorR> constexpr decltype ((__y.base() - __x.base())) std::operator-(const std::reverse_iterator<_Iterator>&, const std::reverse_iterator<_IteratorR>&)[m[Kâ€™
[4.103s]   560 |     [01;36m[Koperator[m[K-(const reverse_iterator<_IteratorL>& __x,
[4.103s]       |     [01;36m[K^~~~~~~~[m[K
[4.103s] [01m[K/usr/include/c++/11/bits/stl_iterator.h:560:5:[m[K [01;36m[Knote: [m[K  template argument deduction/substitution failed:
[4.103s] [01m[K/home/joannerizkallah/assignment3/src/dummy_node1/src/dummy_cpp_node.cpp:88:65:[m[K [01;36m[Knote: [m[K  mismatched types â€˜[01m[Kconst std::reverse_iterator<_Iterator>[m[Kâ€™ and â€˜[01m[Kdouble[m[Kâ€™
[4.104s]    88 |       distanceToTarget_ = distance_ - (elapsed_seconds*velocity_[01;36m[K)[m[K;
[4.104s]       |                                                                 [01;36m[K^[m[K
[4.104s] In file included from [01m[K/usr/include/c++/11/bits/stl_algobase.h:67[m[K,
[4.104s]                  from [01m[K/usr/include/c++/11/array:40[m[K,
[4.104s]                  from [01m[K/usr/include/c++/11/tuple:39[m[K,
[4.104s]                  from [01m[K/usr/include/c++/11/functional:54[m[K,
[4.104s]                  from [01m[K/home/joannerizkallah/assignment3/src/dummy_node1/src/dummy_cpp_node.cpp:1[m[K:
[4.104s] [01m[K/usr/include/c++/11/bits/stl_iterator.h:1639:5:[m[K [01;36m[Knote: [m[Kcandidate: â€˜[01m[Ktemplate<class _IteratorL, class _IteratorR> constexpr decltype ((__x.base() - __y.base())) std::operator-(const std::move_iterator<_IteratorL>&, const std::move_iterator<_IteratorR>&)[m[Kâ€™
[4.104s]  1639 |     [01;36m[Koperator[m[K-(const move_iterator<_IteratorL>& __x,
[4.104s]       |     [01;36m[K^~~~~~~~[m[K
[4.104s] [01m[K/usr/include/c++/11/bits/stl_iterator.h:1639:5:[m[K [01;36m[Knote: [m[K  template argument deduction/substitution failed:
[4.104s] [01m[K/home/joannerizkallah/assignment3/src/dummy_node1/src/dummy_cpp_node.cpp:88:65:[m[K [01;36m[Knote: [m[K  mismatched types â€˜[01m[Kconst std::move_iterator<_IteratorL>[m[Kâ€™ and â€˜[01m[Kdouble[m[Kâ€™
[4.104s]    88 |       distanceToTarget_ = distance_ - (elapsed_seconds*velocity_[01;36m[K)[m[K;
[4.104s]       |                                                                 [01;36m[K^[m[K
[4.104s] In file included from [01m[K/usr/include/c++/11/bits/this_thread_sleep.h:38[m[K,
[4.104s]                  from [01m[K/usr/include/c++/11/thread:44[m[K,
[4.104s]                  from [01m[K/home/joannerizkallah/assignment3/src/dummy_node1/src/dummy_cpp_node.cpp:3[m[K:
[4.105s] [01m[K/usr/include/c++/11/chrono:660:7:[m[K [01;36m[Knote: [m[Kcandidate: â€˜[01m[Ktemplate<class _Rep1, class _Period1, class _Rep2, class _Period2> constexpr typename std::common_type<std::chrono::duration<_Rep1, _Period1>, std::chrono::duration<_Rep2, _Period2> >::type std::chrono::operator-(const std::chrono::duration<_Rep1, _Period1>&, const std::chrono::duration<_Rep2, _Period2>&)[m[Kâ€™
[4.105s]   660 |       [01;36m[Koperator[m[K-(const duration<_Rep1, _Period1>& __lhs,
[4.105s]       |       [01;36m[K^~~~~~~~[m[K
[4.105s] [01m[K/usr/include/c++/11/chrono:660:7:[m[K [01;36m[Knote: [m[K  template argument deduction/substitution failed:
[4.105s] [01m[K/home/joannerizkallah/assignment3/src/dummy_node1/src/dummy_cpp_node.cpp:88:65:[m[K [01;36m[Knote: [m[K  mismatched types â€˜[01m[Kconst std::chrono::duration<_Rep1, _Period1>[m[Kâ€™ and â€˜[01m[Kdouble[m[Kâ€™
[4.105s]    88 |       distanceToTarget_ = distance_ - (elapsed_seconds*velocity_[01;36m[K)[m[K;
[4.105s]       |                                                                 [01;36m[K^[m[K
[4.105s] In file included from [01m[K/usr/include/c++/11/bits/this_thread_sleep.h:38[m[K,
[4.105s]                  from [01m[K/usr/include/c++/11/thread:44[m[K,
[4.105s]                  from [01m[K/home/joannerizkallah/assignment3/src/dummy_node1/src/dummy_cpp_node.cpp:3[m[K:
[4.105s] [01m[K/usr/include/c++/11/chrono:1030:7:[m[K [01;36m[Knote: [m[Kcandidate: â€˜[01m[Ktemplate<class _Clock, class _Dur1, class _Rep2, class _Period2> constexpr std::chrono::time_point<_Clock, typename std::common_type<_Dur1, std::chrono::duration<_Rep2, _Period2> >::type> std::chrono::operator-(const std::chrono::time_point<_Clock, _Duration1>&, const std::chrono::duration<_Rep2, _Period2>&)[m[Kâ€™
[4.105s]  1030 |       [01;36m[Koperator[m[K-(const time_point<_Clock, _Dur1>& __lhs,
[4.105s]       |       [01;36m[K^~~~~~~~[m[K
[4.105s] [01m[K/usr/include/c++/11/chrono:1030:7:[m[K [01;36m[Knote: [m[K  template argument deduction/substitution failed:
[4.105s] [01m[K/home/joannerizkallah/assignment3/src/dummy_node1/src/dummy_cpp_node.cpp:88:65:[m[K [01;36m[Knote: [m[K  mismatched types â€˜[01m[Kconst std::chrono::time_point<_Clock, _Duration1>[m[Kâ€™ and â€˜[01m[Kdouble[m[Kâ€™
[4.105s]    88 |       distanceToTarget_ = distance_ - (elapsed_seconds*velocity_[01;36m[K)[m[K;
[4.105s]       |                                                                 [01;36m[K^[m[K
[4.106s] In file included from [01m[K/usr/include/c++/11/bits/this_thread_sleep.h:38[m[K,
[4.106s]                  from [01m[K/usr/include/c++/11/thread:44[m[K,
[4.106s]                  from [01m[K/home/joannerizkallah/assignment3/src/dummy_node1/src/dummy_cpp_node.cpp:3[m[K:
[4.106s] [01m[K/usr/include/c++/11/chrono:1042:7:[m[K [01;36m[Knote: [m[Kcandidate: â€˜[01m[Ktemplate<class _Clock, class _Dur1, class _Dur2> constexpr typename std::common_type<_Duration1, _Duration2>::type std::chrono::operator-(const std::chrono::time_point<_Clock, _Duration1>&, const std::chrono::time_point<_Clock, _Duration2>&)[m[Kâ€™
[4.106s]  1042 |       [01;36m[Koperator[m[K-(const time_point<_Clock, _Dur1>& __lhs,
[4.106s]       |       [01;36m[K^~~~~~~~[m[K
[4.106s] [01m[K/usr/include/c++/11/chrono:1042:7:[m[K [01;36m[Knote: [m[K  template argument deduction/substitution failed:
[4.106s] [01m[K/home/joannerizkallah/assignment3/src/dummy_node1/src/dummy_cpp_node.cpp:88:65:[m[K [01;36m[Knote: [m[K  mismatched types â€˜[01m[Kconst std::chrono::time_point<_Clock, _Duration1>[m[Kâ€™ and â€˜[01m[Kdouble[m[Kâ€™
[4.106s]    88 |       distanceToTarget_ = distance_ - (elapsed_seconds*velocity_[01;36m[K)[m[K;
[4.106s]       |                                                                 [01;36m[K^[m[K
[4.963s] gmake[2]: *** [CMakeFiles/action_server.dir/build.make:76: CMakeFiles/action_server.dir/src/dummy_cpp_node.cpp.o] Error 1
[4.963s] gmake[1]: *** [CMakeFiles/Makefile2:143: CMakeFiles/action_server.dir/all] Error 2
[4.963s] gmake: *** [Makefile:146: all] Error 2
[4.990s] Invoked command in '/home/joannerizkallah/assignment3/build/dummy_node1' returned '2': AMENT_PREFIX_PATH=/home/joannerizkallah/assignment3/install/interfaces:${AMENT_PREFIX_PATH} CMAKE_PREFIX_PATH=/home/joannerizkallah/assignment3/install/interfaces:/opt/ros/humble LD_LIBRARY_PATH=/home/joannerizkallah/assignment3/install/interfaces/lib:${LD_LIBRARY_PATH} PYTHONPATH=/home/joannerizkallah/assignment3/install/interfaces/local/lib/python3.10/dist-packages:${PYTHONPATH} /usr/bin/cmake --build /home/joannerizkallah/assignment3/build/dummy_node1 -- -j4 -l4
