[01m[K/home/joannerizkallah/assignment3/src/dummy_node2/src/dummy_cpp_node.cpp:[m[K In member function â€˜[01m[Kvoid action_cpp::CustomActionClient::send_goal()[m[Kâ€™:
[01m[K/home/joannerizkallah/assignment3/src/dummy_node2/src/dummy_cpp_node.cpp:52:14:[m[K [01;31m[Kerror: [m[Kâ€˜[01m[Kvectors[m[Kâ€™ is not a member of â€˜[01m[Kstd[m[Kâ€™; did you mean â€˜[01m[Kvector[m[Kâ€™?
   52 |         std::[01;31m[Kvector<[m[Kjson> commands = j["commands"];
      |              [01;31m[K^~~~~~~[m[K
      |              [32m[Kvector[m[K
[01m[K/home/joannerizkallah/assignment3/src/dummy_node2/src/dummy_cpp_node.cpp:52:26:[m[K [01;31m[Kerror: [m[Kexpected primary-expression before â€˜[01m[K>[m[Kâ€™ token
   52 |         std::vector<json>[01;31m[K [m[Kcommands = j["commands"];
      |                          [01;31m[K^[m[K
[01m[K/home/joannerizkallah/assignment3/src/dummy_node2/src/dummy_cpp_node.cpp:52:28:[m[K [01;31m[Kerror: [m[Kâ€˜[01m[Kcommands[m[Kâ€™ was not declared in this scope
   52 |         std::vector<json> c[01;31m[Kommands [m[K= j["commands"];
      |                            [01;31m[K^~~~~~~~[m[K
gmake[2]: *** [CMakeFiles/action_client.dir/build.make:76: CMakeFiles/action_client.dir/src/dummy_cpp_node.cpp.o] Error 1
gmake[1]: *** [CMakeFiles/Makefile2:158: CMakeFiles/action_client.dir/all] Error 2
gmake: *** [Makefile:146: all] Error 2
