[0.120s] Invoking command in '/home/joannerizkallah/assignment3/build/dummy_node2': CMAKE_PREFIX_PATH=/home/joannerizkallah/assignment3/install/interfaces:/home/joannerizkallah/assignment3/install/dummy_node2:/home/joannerizkallah/assignment3/install/dummy_node1:/opt/ros/humble LD_LIBRARY_PATH=/home/joannerizkallah/assignment3/install/interfaces/lib:/home/joannerizkallah/assignment3/install/dummy_node2/lib:/home/joannerizkallah/assignment3/install/dummy_node1/lib:/opt/ros/humble/opt/rviz_ogre_vendor/lib:/opt/ros/humble/lib/x86_64-linux-gnu:/opt/ros/humble/lib /usr/bin/cmake --build /home/joannerizkallah/assignment3/build/dummy_node2 -- -j4 -l4
[0.325s] [35m[1mConsolidate compiler generated dependencies of target action_client[0m
[0.354s] [ 33%] Built target dummy_cpp_node
[0.354s] [ 66%] Built target dummy_client
[0.386s] [ 83%] [32mBuilding CXX object CMakeFiles/action_client.dir/src/dummy_cpp_node.cpp.o[0m
[7.778s] [01m[K/home/joannerizkallah/assignment3/src/dummy_node2/src/dummy_cpp_node.cpp:[m[K In member function â€˜[01m[Kvoid action_cpp::CustomActionClient::send_goal()[m[Kâ€™:
[7.778s] [01m[K/home/joannerizkallah/assignment3/src/dummy_node2/src/dummy_cpp_node.cpp:52:14:[m[K [01;31m[Kerror: [m[Kâ€˜[01m[Kvectors[m[Kâ€™ is not a member of â€˜[01m[Kstd[m[Kâ€™; did you mean â€˜[01m[Kvector[m[Kâ€™?
[7.778s]    52 |         std::[01;31m[Kvector<[m[Kjson> commands = j["commands"];
[7.779s]       |              [01;31m[K^~~~~~~[m[K
[7.779s]       |              [32m[Kvector[m[K
[7.779s] [01m[K/home/joannerizkallah/assignment3/src/dummy_node2/src/dummy_cpp_node.cpp:52:26:[m[K [01;31m[Kerror: [m[Kexpected primary-expression before â€˜[01m[K>[m[Kâ€™ token
[7.779s]    52 |         std::vector<json>[01;31m[K [m[Kcommands = j["commands"];
[7.779s]       |                          [01;31m[K^[m[K
[7.787s] [01m[K/home/joannerizkallah/assignment3/src/dummy_node2/src/dummy_cpp_node.cpp:52:28:[m[K [01;31m[Kerror: [m[Kâ€˜[01m[Kcommands[m[Kâ€™ was not declared in this scope
[7.787s]    52 |         std::vector<json> c[01;31m[Kommands [m[K= j["commands"];
[7.787s]       |                            [01;31m[K^~~~~~~~[m[K
[11.223s] gmake[2]: *** [CMakeFiles/action_client.dir/build.make:76: CMakeFiles/action_client.dir/src/dummy_cpp_node.cpp.o] Error 1
[11.223s] gmake[1]: *** [CMakeFiles/Makefile2:158: CMakeFiles/action_client.dir/all] Error 2
[11.225s] gmake: *** [Makefile:146: all] Error 2
[11.231s] Invoked command in '/home/joannerizkallah/assignment3/build/dummy_node2' returned '2': CMAKE_PREFIX_PATH=/home/joannerizkallah/assignment3/install/interfaces:/home/joannerizkallah/assignment3/install/dummy_node2:/home/joannerizkallah/assignment3/install/dummy_node1:/opt/ros/humble LD_LIBRARY_PATH=/home/joannerizkallah/assignment3/install/interfaces/lib:/home/joannerizkallah/assignment3/install/dummy_node2/lib:/home/joannerizkallah/assignment3/install/dummy_node1/lib:/opt/ros/humble/opt/rviz_ogre_vendor/lib:/opt/ros/humble/lib/x86_64-linux-gnu:/opt/ros/humble/lib /usr/bin/cmake --build /home/joannerizkallah/assignment3/build/dummy_node2 -- -j4 -l4
