[0.044s] Invoking command in '/home/joannerizkallah/assignment3/build/dummy_node1': AMENT_PREFIX_PATH=/home/joannerizkallah/assignment3/install/interfaces:${AMENT_PREFIX_PATH} CMAKE_PREFIX_PATH=/home/joannerizkallah/assignment3/install/interfaces:/opt/ros/humble LD_LIBRARY_PATH=/home/joannerizkallah/assignment3/install/interfaces/lib:${LD_LIBRARY_PATH} PYTHONPATH=/home/joannerizkallah/assignment3/install/interfaces/local/lib/python3.10/dist-packages:${PYTHONPATH} /usr/bin/cmake --build /home/joannerizkallah/assignment3/build/dummy_node1 -- -j4 -l4
[0.081s] -- Found ament_cmake: 1.3.5 (/opt/ros/humble/share/ament_cmake/cmake)
[0.285s] -- Found rclcpp: 16.0.4 (/opt/ros/humble/share/rclcpp/cmake)
[0.318s] -- Found rosidl_generator_c: 3.1.4 (/opt/ros/humble/share/rosidl_generator_c/cmake)
[0.330s] -- Found rosidl_adapter: 3.1.4 (/opt/ros/humble/share/rosidl_adapter/cmake)
[0.330s] -- Found rosidl_generator_cpp: 3.1.4 (/opt/ros/humble/share/rosidl_generator_cpp/cmake)
[0.342s] -- Using all available rosidl_typesupport_c: rosidl_typesupport_fastrtps_c;rosidl_typesupport_introspection_c
[0.377s] -- Using all available rosidl_typesupport_cpp: rosidl_typesupport_fastrtps_cpp;rosidl_typesupport_introspection_cpp
[0.455s] -- Found rmw_implementation_cmake: 6.1.1 (/opt/ros/humble/share/rmw_implementation_cmake/cmake)
[0.457s] -- Found rmw_fastrtps_cpp: 6.2.2 (/opt/ros/humble/share/rmw_fastrtps_cpp/cmake)
[0.617s] -- Using RMW implementation 'rmw_fastrtps_cpp' as default
[0.838s] -- Found rclcpp_action: 16.0.4 (/opt/ros/humble/share/rclcpp_action/cmake)
[0.982s] -- Found rclcpp_components: 16.0.4 (/opt/ros/humble/share/rclcpp_components/cmake)
[1.052s] -- Found interfaces: 0.0.0 (/home/joannerizkallah/assignment3/install/interfaces/share/interfaces/cmake)
[1.224s] -- Configuring done
[1.254s] -- Generating done
[1.258s] -- Build files have been written to: /home/joannerizkallah/assignment3/build/dummy_node1
[1.297s] [35m[1mConsolidate compiler generated dependencies of target dummy_cpp_node[0m
[1.298s] [35m[1mConsolidate compiler generated dependencies of target action_server[0m
[1.298s] [35m[1mConsolidate compiler generated dependencies of target dummy_server[0m
[1.321s] [ 25%] Built target dummy_server
[1.322s] [ 37%] [32mBuilding CXX object CMakeFiles/dummy_exe.dir/src/dummy_cpp_node.cpp.o[0m
[1.328s] [ 50%] [32mBuilding CXX object CMakeFiles/action_server.dir/src/dummy_cpp_node.cpp.o[0m
[1.329s] [ 75%] Built target dummy_cpp_node
[1.375s] [01m[K/home/joannerizkallah/assignment3/src/dummy_node1/src/dummy_cpp_node.cpp:5:10:[m[K [01;31m[Kfatal error: [m[Kinterfaces/action/custom.hpp: No such file or directory
[1.375s]     5 | #include [01;31m[K"interfaces/action/custom.hpp"[m[K
[1.375s]       |          [01;31m[K^~~~~~~~~~~~~~~~~~~~~~~~~~~~~~[m[K
[1.376s] compilation terminated.
[1.379s] gmake[2]: *** [CMakeFiles/dummy_exe.dir/build.make:76: CMakeFiles/dummy_exe.dir/src/dummy_cpp_node.cpp.o] Error 1
[1.380s] gmake[1]: *** [CMakeFiles/Makefile2:221: CMakeFiles/dummy_exe.dir/all] Error 2
[1.380s] gmake[1]: *** Waiting for unfinished jobs....
[4.847s] [01m[K/home/joannerizkallah/assignment3/src/dummy_node1/src/dummy_cpp_node.cpp:[m[K In constructor â€˜[01m[Kaction_cpp::CustomActionServer::CustomActionServer(const rclcpp::NodeOptions&)[m[Kâ€™:
[4.849s] [01m[K/home/joannerizkallah/assignment3/src/dummy_node1/src/dummy_cpp_node.cpp:31:80:[m[K [01;31m[Kerror: [m[Kâ€˜[01m[Kconst string[m[Kâ€™ {aka â€˜[01m[Kconst class std::__cxx11::basic_string<char>[m[Kâ€™} has no member named â€˜[01m[Kstod[m[Kâ€™
[4.849s]    31 |  this->get_parameter("default_max_linear_velocity").as_string().[01;31m[Kstod[m[K();
[4.849s]       |                                                                 [01;31m[K^~~~[m[K
[4.850s] 
[4.852s] [01m[K/home/joannerizkallah/assignment3/src/dummy_node1/src/dummy_cpp_node.cpp:[m[K In member function â€˜[01m[Krclcpp_action::GoalResponse action_cpp::CustomActionServer::handle_goal(const GoalUUID&, std::shared_ptr<const interfaces::action::Custom_Goal_<std::allocator<void> > >)[m[Kâ€™:
[4.853s] [01m[K/home/joannerizkallah/assignment3/src/dummy_node1/src/dummy_cpp_node.cpp:40:41:[m[K [01;35m[Kwarning: [m[Kunused parameter â€˜[01m[Kgoal[m[Kâ€™ [[01;35m[K]8;;https://gcc.gnu.org/onlinedocs/gcc/Warning-Options.html#index-Wunused-parameter-Wunused-parameter]8;;[m[K]
[4.853s]    40 |     [01;35m[Kstd::shared_ptr<const Custom::Goal> goal[m[K)
[4.853s]       |     [01;35m[K~~~~~~~~~~~~~~~~~~~~~~~~~~~~~~~~~~~~^~~~[m[K
[4.878s] [01m[K/home/joannerizkallah/assignment3/src/dummy_node1/src/dummy_cpp_node.cpp:[m[K In member function â€˜[01m[Kvoid action_cpp::CustomActionServer::execute(std::shared_ptr<rclcpp_action::ServerGoalHandle<interfaces::action::Custom> >)[m[Kâ€™:
[4.879s] [01m[K/home/joannerizkallah/assignment3/src/dummy_node1/src/dummy_cpp_node.cpp:88:37:[m[K [01;31m[Kerror: [m[Kno match for â€˜[01m[Koperator-[m[Kâ€™ (operand types are â€˜[01m[Kdouble[m[Kâ€™ and â€˜[01m[Kstd::chrono::duration<double>[m[Kâ€™)
[4.879s]    88 |       distanceToTarget_ = [32m[Kdistance_[m[K [01;31m[K-[m[K [34m[K(elapsed_seconds*velocity_)[m[K;
[4.880s]       |                           [32m[K~~~~~~~~~[m[K [01;31m[K^[m[K [34m[K~~~~~~~~~~~~~~~~~~~~~~~~~~~[m[K
[4.880s]       |                           [32m[K|[m[K                           [34m[K|[m[K
[4.881s]       |                           [32m[Kdouble[m[K                      [34m[Kstd::chrono::duration<double>[m[K
[4.882s] In file included from [01m[K/usr/include/c++/11/bits/stl_algobase.h:67[m[K,
[4.883s]                  from [01m[K/usr/include/c++/11/array:40[m[K,
[4.902s]                  from [01m[K/usr/include/c++/11/tuple:39[m[K,
[4.903s]                  from [01m[K/usr/include/c++/11/functional:54[m[K,
[4.903s]                  from [01m[K/home/joannerizkallah/assignment3/src/dummy_node1/src/dummy_cpp_node.cpp:1[m[K:
[4.904s] [01m[K/usr/include/c++/11/bits/stl_iterator.h:560:5:[m[K [01;36m[Knote: [m[Kcandidate: â€˜[01m[Ktemplate<class _IteratorL, class _IteratorR> constexpr decltype ((__y.base() - __x.base())) std::operator-(const std::reverse_iterator<_Iterator>&, const std::reverse_iterator<_IteratorR>&)[m[Kâ€™
[4.904s]   560 |     [01;36m[Koperator[m[K-(const reverse_iterator<_IteratorL>& __x,
[4.904s]       |     [01;36m[K^~~~~~~~[m[K
[4.904s] [01m[K/usr/include/c++/11/bits/stl_iterator.h:560:5:[m[K [01;36m[Knote: [m[K  template argument deduction/substitution failed:
[4.904s] [01m[K/home/joannerizkallah/assignment3/src/dummy_node1/src/dummy_cpp_node.cpp:88:65:[m[K [01;36m[Knote: [m[K  mismatched types â€˜[01m[Kconst std::reverse_iterator<_Iterator>[m[Kâ€™ and â€˜[01m[Kdouble[m[Kâ€™
[4.904s]    88 |       distanceToTarget_ = distance_ - (elapsed_seconds*velocity_[01;36m[K)[m[K;
[4.904s]       |                                                                 [01;36m[K^[m[K
[4.904s] In file included from [01m[K/usr/include/c++/11/bits/stl_algobase.h:67[m[K,
[4.904s]                  from [01m[K/usr/include/c++/11/array:40[m[K,
[4.904s]                  from [01m[K/usr/include/c++/11/tuple:39[m[K,
[4.904s]                  from [01m[K/usr/include/c++/11/functional:54[m[K,
[4.904s]                  from [01m[K/home/joannerizkallah/assignment3/src/dummy_node1/src/dummy_cpp_node.cpp:1[m[K:
[4.904s] [01m[K/usr/include/c++/11/bits/stl_iterator.h:1639:5:[m[K [01;36m[Knote: [m[Kcandidate: â€˜[01m[Ktemplate<class _IteratorL, class _IteratorR> constexpr decltype ((__x.base() - __y.base())) std::operator-(const std::move_iterator<_IteratorL>&, const std::move_iterator<_IteratorR>&)[m[Kâ€™
[4.905s]  1639 |     [01;36m[Koperator[m[K-(const move_iterator<_IteratorL>& __x,
[4.905s]       |     [01;36m[K^~~~~~~~[m[K
[4.905s] [01m[K/usr/include/c++/11/bits/stl_iterator.h:1639:5:[m[K [01;36m[Knote: [m[K  template argument deduction/substitution failed:
[4.905s] [01m[K/home/joannerizkallah/assignment3/src/dummy_node1/src/dummy_cpp_node.cpp:88:65:[m[K [01;36m[Knote: [m[K  mismatched types â€˜[01m[Kconst std::move_iterator<_IteratorL>[m[Kâ€™ and â€˜[01m[Kdouble[m[Kâ€™
[4.905s]    88 |       distanceToTarget_ = distance_ - (elapsed_seconds*velocity_[01;36m[K)[m[K;
[4.905s]       |                                                                 [01;36m[K^[m[K
[4.905s] In file included from [01m[K/usr/include/c++/11/bits/this_thread_sleep.h:38[m[K,
[4.905s]                  from [01m[K/usr/include/c++/11/thread:44[m[K,
[4.905s]                  from [01m[K/home/joannerizkallah/assignment3/src/dummy_node1/src/dummy_cpp_node.cpp:3[m[K:
[4.905s] [01m[K/usr/include/c++/11/chrono:660:7:[m[K [01;36m[Knote: [m[Kcandidate: â€˜[01m[Ktemplate<class _Rep1, class _Period1, class _Rep2, class _Period2> constexpr typename std::common_type<std::chrono::duration<_Rep1, _Period1>, std::chrono::duration<_Rep2, _Period2> >::type std::chrono::operator-(const std::chrono::duration<_Rep1, _Period1>&, const std::chrono::duration<_Rep2, _Period2>&)[m[Kâ€™
[4.905s]   660 |       [01;36m[Koperator[m[K-(const duration<_Rep1, _Period1>& __lhs,
[4.905s]       |       [01;36m[K^~~~~~~~[m[K
[4.905s] [01m[K/usr/include/c++/11/chrono:660:7:[m[K [01;36m[Knote: [m[K  template argument deduction/substitution failed:
[4.905s] [01m[K/home/joannerizkallah/assignment3/src/dummy_node1/src/dummy_cpp_node.cpp:88:65:[m[K [01;36m[Knote: [m[K  mismatched types â€˜[01m[Kconst std::chrono::duration<_Rep1, _Period1>[m[Kâ€™ and â€˜[01m[Kdouble[m[Kâ€™
[4.906s]    88 |       distanceToTarget_ = distance_ - (elapsed_seconds*velocity_[01;36m[K)[m[K;
[4.906s]       |                                                                 [01;36m[K^[m[K
[4.906s] In file included from [01m[K/usr/include/c++/11/bits/this_thread_sleep.h:38[m[K,
[4.906s]                  from [01m[K/usr/include/c++/11/thread:44[m[K,
[4.906s]                  from [01m[K/home/joannerizkallah/assignment3/src/dummy_node1/src/dummy_cpp_node.cpp:3[m[K:
[4.906s] [01m[K/usr/include/c++/11/chrono:1030:7:[m[K [01;36m[Knote: [m[Kcandidate: â€˜[01m[Ktemplate<class _Clock, class _Dur1, class _Rep2, class _Period2> constexpr std::chrono::time_point<_Clock, typename std::common_type<_Dur1, std::chrono::duration<_Rep2, _Period2> >::type> std::chrono::operator-(const std::chrono::time_point<_Clock, _Duration1>&, const std::chrono::duration<_Rep2, _Period2>&)[m[Kâ€™
[4.906s]  1030 |       [01;36m[Koperator[m[K-(const time_point<_Clock, _Dur1>& __lhs,
[4.906s]       |       [01;36m[K^~~~~~~~[m[K
[4.906s] [01m[K/usr/include/c++/11/chrono:1030:7:[m[K [01;36m[Knote: [m[K  template argument deduction/substitution failed:
[4.906s] [01m[K/home/joannerizkallah/assignment3/src/dummy_node1/src/dummy_cpp_node.cpp:88:65:[m[K [01;36m[Knote: [m[K  mismatched types â€˜[01m[Kconst std::chrono::time_point<_Clock, _Duration1>[m[Kâ€™ and â€˜[01m[Kdouble[m[Kâ€™
[4.906s]    88 |       distanceToTarget_ = distance_ - (elapsed_seconds*velocity_[01;36m[K)[m[K;
[4.906s]       |                                                                 [01;36m[K^[m[K
[4.906s] In file included from [01m[K/usr/include/c++/11/bits/this_thread_sleep.h:38[m[K,
[4.906s]                  from [01m[K/usr/include/c++/11/thread:44[m[K,
[4.906s]                  from [01m[K/home/joannerizkallah/assignment3/src/dummy_node1/src/dummy_cpp_node.cpp:3[m[K:
[4.906s] [01m[K/usr/include/c++/11/chrono:1042:7:[m[K [01;36m[Knote: [m[Kcandidate: â€˜[01m[Ktemplate<class _Clock, class _Dur1, class _Dur2> constexpr typename std::common_type<_Duration1, _Duration2>::type std::chrono::operator-(const std::chrono::time_point<_Clock, _Duration1>&, const std::chrono::time_point<_Clock, _Duration2>&)[m[Kâ€™
[4.907s]  1042 |       [01;36m[Koperator[m[K-(const time_point<_Clock, _Dur1>& __lhs,
[4.907s]       |       [01;36m[K^~~~~~~~[m[K
[4.907s] [01m[K/usr/include/c++/11/chrono:1042:7:[m[K [01;36m[Knote: [m[K  template argument deduction/substitution failed:
[4.907s] [01m[K/home/joannerizkallah/assignment3/src/dummy_node1/src/dummy_cpp_node.cpp:88:65:[m[K [01;36m[Knote: [m[K  mismatched types â€˜[01m[Kconst std::chrono::time_point<_Clock, _Duration1>[m[Kâ€™ and â€˜[01m[Kdouble[m[Kâ€™
[4.907s]    88 |       distanceToTarget_ = distance_ - (elapsed_seconds*velocity_[01;36m[K)[m[K;
[4.907s]       |                                                                 [01;36m[K^[m[K
[5.749s] gmake[2]: *** [CMakeFiles/action_server.dir/build.make:76: CMakeFiles/action_server.dir/src/dummy_cpp_node.cpp.o] Error 1
[5.749s] gmake[1]: *** [CMakeFiles/Makefile2:143: CMakeFiles/action_server.dir/all] Error 2
[5.749s] gmake: *** [Makefile:146: all] Error 2
[5.787s] Invoked command in '/home/joannerizkallah/assignment3/build/dummy_node1' returned '2': AMENT_PREFIX_PATH=/home/joannerizkallah/assignment3/install/interfaces:${AMENT_PREFIX_PATH} CMAKE_PREFIX_PATH=/home/joannerizkallah/assignment3/install/interfaces:/opt/ros/humble LD_LIBRARY_PATH=/home/joannerizkallah/assignment3/install/interfaces/lib:${LD_LIBRARY_PATH} PYTHONPATH=/home/joannerizkallah/assignment3/install/interfaces/local/lib/python3.10/dist-packages:${PYTHONPATH} /usr/bin/cmake --build /home/joannerizkallah/assignment3/build/dummy_node1 -- -j4 -l4
