[01m[K/home/joannerizkallah/assignment3/src/dummy_node2/src/dummy_cpp_node.cpp:[m[K In member function â€˜[01m[Kvoid action_cpp::CustomActionClient::send_goal()[m[Kâ€™:
[01m[K/home/joannerizkallah/assignment3/src/dummy_node2/src/dummy_cpp_node.cpp:51:10:[m[K [01;31m[Kerror: [m[Kâ€˜[01m[Kdata[m[Kâ€™ was not declared in this scope; did you mean â€˜[01m[Kstd::data[m[Kâ€™?
   51 |      if ([01;31m[Kdata[m[K.contains("commands") && data["commands"].is_array()) {
      |          [01;31m[K^~~~[m[K
      |          [32m[Kstd::data[m[K
In file included from [01m[K/usr/include/c++/11/array:41[m[K,
                 from [01m[K/usr/include/c++/11/tuple:39[m[K,
                 from [01m[K/usr/include/c++/11/functional:54[m[K,
                 from [01m[K/home/joannerizkallah/assignment3/src/dummy_node2/src/dummy_cpp_node.cpp:1[m[K:
[01m[K/usr/include/c++/11/bits/range_access.h:319:5:[m[K [01;36m[Knote: [m[Kâ€˜[01m[Kstd::data[m[Kâ€™ declared here
  319 |     [01;36m[Kdata[m[K(initializer_list<_Tp> __il) noexcept
      |     [01;36m[K^~~~[m[K
gmake[2]: *** [CMakeFiles/action_client.dir/build.make:76: CMakeFiles/action_client.dir/src/dummy_cpp_node.cpp.o] Error 1
gmake[1]: *** [CMakeFiles/Makefile2:158: CMakeFiles/action_client.dir/all] Error 2
gmake: *** [Makefile:146: all] Error 2
