[0.113s] Invoking command in '/home/joannerizkallah/assignment3/build/dummy_node2': CMAKE_PREFIX_PATH=/home/joannerizkallah/assignment3/install/interfaces:/home/joannerizkallah/assignment3/install/dummy_node2:/home/joannerizkallah/assignment3/install/dummy_node1:/opt/ros/humble LD_LIBRARY_PATH=/home/joannerizkallah/assignment3/install/interfaces/lib:/home/joannerizkallah/assignment3/install/dummy_node2/lib:/home/joannerizkallah/assignment3/install/dummy_node1/lib:/opt/ros/humble/opt/rviz_ogre_vendor/lib:/opt/ros/humble/lib/x86_64-linux-gnu:/opt/ros/humble/lib /usr/bin/cmake --build /home/joannerizkallah/assignment3/build/dummy_node2 -- -j4 -l4
[0.268s] [35m[1mConsolidate compiler generated dependencies of target action_client[0m
[0.292s] [ 33%] Built target dummy_client
[0.299s] [ 66%] Built target dummy_cpp_node
[0.304s] [ 83%] [32mBuilding CXX object CMakeFiles/action_client.dir/src/dummy_cpp_node.cpp.o[0m
[4.541s] [01m[K/home/joannerizkallah/assignment3/src/dummy_node2/src/dummy_cpp_node.cpp:[m[K In member function â€˜[01m[Kvoid action_cpp::CustomActionClient::send_goal()[m[Kâ€™:
[4.542s] [01m[K/home/joannerizkallah/assignment3/src/dummy_node2/src/dummy_cpp_node.cpp:51:10:[m[K [01;31m[Kerror: [m[Kâ€˜[01m[Kdata[m[Kâ€™ was not declared in this scope; did you mean â€˜[01m[Kstd::data[m[Kâ€™?
[4.542s]    51 |      if ([01;31m[Kdata[m[K.contains("commands") && data["commands"].is_array()) {
[4.542s]       |          [01;31m[K^~~~[m[K
[4.542s]       |          [32m[Kstd::data[m[K
[4.543s] In file included from [01m[K/usr/include/c++/11/array:41[m[K,
[4.543s]                  from [01m[K/usr/include/c++/11/tuple:39[m[K,
[4.543s]                  from [01m[K/usr/include/c++/11/functional:54[m[K,
[4.543s]                  from [01m[K/home/joannerizkallah/assignment3/src/dummy_node2/src/dummy_cpp_node.cpp:1[m[K:
[4.543s] [01m[K/usr/include/c++/11/bits/range_access.h:319:5:[m[K [01;36m[Knote: [m[Kâ€˜[01m[Kstd::data[m[Kâ€™ declared here
[4.543s]   319 |     [01;36m[Kdata[m[K(initializer_list<_Tp> __il) noexcept
[4.543s]       |     [01;36m[K^~~~[m[K
[7.530s] gmake[2]: *** [CMakeFiles/action_client.dir/build.make:76: CMakeFiles/action_client.dir/src/dummy_cpp_node.cpp.o] Error 1
[7.530s] gmake[1]: *** [CMakeFiles/Makefile2:158: CMakeFiles/action_client.dir/all] Error 2
[7.532s] gmake: *** [Makefile:146: all] Error 2
[7.533s] Invoked command in '/home/joannerizkallah/assignment3/build/dummy_node2' returned '2': CMAKE_PREFIX_PATH=/home/joannerizkallah/assignment3/install/interfaces:/home/joannerizkallah/assignment3/install/dummy_node2:/home/joannerizkallah/assignment3/install/dummy_node1:/opt/ros/humble LD_LIBRARY_PATH=/home/joannerizkallah/assignment3/install/interfaces/lib:/home/joannerizkallah/assignment3/install/dummy_node2/lib:/home/joannerizkallah/assignment3/install/dummy_node1/lib:/opt/ros/humble/opt/rviz_ogre_vendor/lib:/opt/ros/humble/lib/x86_64-linux-gnu:/opt/ros/humble/lib /usr/bin/cmake --build /home/joannerizkallah/assignment3/build/dummy_node2 -- -j4 -l4
