[0.035s] Invoking command in '/home/joannerizkallah/assignment3/build/dummy_node1': CMAKE_PREFIX_PATH=/home/joannerizkallah/assignment3/install/interfaces:/home/joannerizkallah/assignment3/install/dummy_node2:/home/joannerizkallah/assignment3/install/dummy_node1:/opt/ros/humble LD_LIBRARY_PATH=/home/joannerizkallah/assignment3/install/interfaces/lib:/home/joannerizkallah/assignment3/install/dummy_node2/lib:/home/joannerizkallah/assignment3/install/dummy_node1/lib:/opt/ros/humble/opt/rviz_ogre_vendor/lib:/opt/ros/humble/lib/x86_64-linux-gnu:/opt/ros/humble/lib /usr/bin/cmake --build /home/joannerizkallah/assignment3/build/dummy_node1 -- -j4 -l4
[0.196s] [35m[1mConsolidate compiler generated dependencies of target action_server[0m
[0.251s] [ 33%] Built target dummy_cpp_node
[0.257s] [ 66%] Built target dummy_server
[0.268s] [ 83%] [32mBuilding CXX object CMakeFiles/action_server.dir/src/dummy_cpp_node.cpp.o[0m
[3.410s] [01m[K/home/joannerizkallah/assignment3/src/dummy_node1/src/dummy_cpp_node.cpp:[m[K In member function â€˜[01m[Krclcpp_action::GoalResponse action_cpp::CustomActionServer::handle_goal(const GoalUUID&, std::shared_ptr<const interfaces::action::Custom_Goal_<std::allocator<void> > >)[m[Kâ€™:
[3.411s] [01m[K/home/joannerizkallah/assignment3/src/dummy_node1/src/dummy_cpp_node.cpp:40:41:[m[K [01;35m[Kwarning: [m[Kunused parameter â€˜[01m[Kgoal[m[Kâ€™ [[01;35m[K]8;;https://gcc.gnu.org/onlinedocs/gcc/Warning-Options.html#index-Wunused-parameter-Wunused-parameter]8;;[m[K]
[3.411s]    40 |     [01;35m[Kstd::shared_ptr<const Custom::Goal> goal[m[K)
[3.411s]       |     [01;35m[K~~~~~~~~~~~~~~~~~~~~~~~~~~~~~~~~~~~~^~~~[m[K
[3.424s] [01m[K/home/joannerizkallah/assignment3/src/dummy_node1/src/dummy_cpp_node.cpp:[m[K In function â€˜[01m[Kint main(int, char**)[m[Kâ€™:
[3.424s] [01m[K/home/joannerizkallah/assignment3/src/dummy_node1/src/dummy_cpp_node.cpp:112:41:[m[K [01;31m[Kerror: [m[Kâ€˜[01m[KCustomActionServer[m[Kâ€™ was not declared in this scope; did you mean â€˜[01m[Kaction_cpp::CustomActionServer[m[Kâ€™?
[3.424s]   112 |   auto action_server = std::make_shared<[01;31m[KCustomActionServer[m[K>();
[3.424s]       |                                         [01;31m[K^~~~~~~~~~~~~~~~~~[m[K
[3.424s]       |                                         [32m[Kaction_cpp::CustomActionServer[m[K
[3.424s] [01m[K/home/joannerizkallah/assignment3/src/dummy_node1/src/dummy_cpp_node.cpp:13:7:[m[K [01;36m[Knote: [m[Kâ€˜[01m[Kaction_cpp::CustomActionServer[m[Kâ€™ declared here
[3.424s]    13 | class [01;36m[KCustomActionServer[m[K : public rclcpp::Node
[3.424s]       |       [01;36m[K^~~~~~~~~~~~~~~~~~[m[K
[3.424s] [01m[K/home/joannerizkallah/assignment3/src/dummy_node1/src/dummy_cpp_node.cpp:112:60:[m[K [01;31m[Kerror: [m[Kno matching function for call to â€˜[01m[Kmake_shared<<expression error> >()[m[Kâ€™
[3.424s]   112 |   auto action_server = [01;31m[Kstd::make_shared<CustomActionServer>()[m[K;
[3.424s]       |                        [01;31m[K~~~~~~~~~~~~~~~~~~~~~~~~~~~~~~~~~~~~^~[m[K
[3.425s] In file included from [01m[K/usr/include/c++/11/memory:77[m[K,
[3.425s]                  from [01m[K/home/joannerizkallah/assignment3/src/dummy_node1/src/dummy_cpp_node.cpp:2[m[K:
[3.425s] [01m[K/usr/include/c++/11/bits/shared_ptr.h:875:5:[m[K [01;36m[Knote: [m[Kcandidate: â€˜[01m[Ktemplate<class _Tp, class ... _Args> std::shared_ptr<_Tp> std::make_shared(_Args&& ...)[m[Kâ€™
[3.425s]   875 |     [01;36m[Kmake_shared[m[K(_Args&&... __args)
[3.425s]       |     [01;36m[K^~~~~~~~~~~[m[K
[3.425s] [01m[K/usr/include/c++/11/bits/shared_ptr.h:875:5:[m[K [01;36m[Knote: [m[K  template argument deduction/substitution failed:
[3.425s] [01m[K/home/joannerizkallah/assignment3/src/dummy_node1/src/dummy_cpp_node.cpp:112:60:[m[K [01;31m[Kerror: [m[Ktemplate argument 1 is invalid
[3.425s]   112 |   auto action_server = [01;31m[Kstd::make_shared<CustomActionServer>()[m[K;
[3.425s]       |                        [01;31m[K~~~~~~~~~~~~~~~~~~~~~~~~~~~~~~~~~~~~^~[m[K
[4.304s] gmake[2]: *** [CMakeFiles/action_server.dir/build.make:76: CMakeFiles/action_server.dir/src/dummy_cpp_node.cpp.o] Error 1
[4.304s] gmake[1]: *** [CMakeFiles/Makefile2:141: CMakeFiles/action_server.dir/all] Error 2
[4.305s] gmake: *** [Makefile:146: all] Error 2
[4.308s] Invoked command in '/home/joannerizkallah/assignment3/build/dummy_node1' returned '2': CMAKE_PREFIX_PATH=/home/joannerizkallah/assignment3/install/interfaces:/home/joannerizkallah/assignment3/install/dummy_node2:/home/joannerizkallah/assignment3/install/dummy_node1:/opt/ros/humble LD_LIBRARY_PATH=/home/joannerizkallah/assignment3/install/interfaces/lib:/home/joannerizkallah/assignment3/install/dummy_node2/lib:/home/joannerizkallah/assignment3/install/dummy_node1/lib:/opt/ros/humble/opt/rviz_ogre_vendor/lib:/opt/ros/humble/lib/x86_64-linux-gnu:/opt/ros/humble/lib /usr/bin/cmake --build /home/joannerizkallah/assignment3/build/dummy_node1 -- -j4 -l4
