[0.091s] Invoking command in '/home/joannerizkallah/assignment3/build/dummy_node2': CMAKE_PREFIX_PATH=/home/joannerizkallah/assignment3/install/interfaces:/home/joannerizkallah/assignment3/install/dummy_node2:/home/joannerizkallah/assignment3/install/dummy_node1:/opt/ros/humble LD_LIBRARY_PATH=/home/joannerizkallah/assignment3/install/interfaces/lib:/home/joannerizkallah/assignment3/install/dummy_node2/lib:/home/joannerizkallah/assignment3/install/dummy_node1/lib:/opt/ros/humble/opt/rviz_ogre_vendor/lib:/opt/ros/humble/lib/x86_64-linux-gnu:/opt/ros/humble/lib /usr/bin/cmake --build /home/joannerizkallah/assignment3/build/dummy_node2 -- -j4 -l4
[0.213s] [35m[1mConsolidate compiler generated dependencies of target action_client[0m
[0.220s] [ 33%] Built target dummy_client
[0.227s] [ 66%] Built target dummy_cpp_node
[0.269s] [ 83%] [32mBuilding CXX object CMakeFiles/action_client.dir/src/dummy_cpp_node.cpp.o[0m
[4.297s] [01m[K/home/joannerizkallah/assignment3/src/dummy_node2/src/dummy_cpp_node.cpp:[m[K In member function â€˜[01m[Kvoid action_cpp::CustomActionClient::send_goal()[m[Kâ€™:
[4.297s] [01m[K/home/joannerizkallah/assignment3/src/dummy_node2/src/dummy_cpp_node.cpp:52:47:[m[K [01;31m[Kerror: [m[Kâ€˜[01m[Kconst value_type[m[Kâ€™ {aka â€˜[01m[Kconst class nlohmann::json_abi_v3_11_2::basic_json<>[m[Kâ€™} has no member named â€˜[01m[Kstod[m[Kâ€™
[4.298s]    52 |         double v = command["linear_velocity"].[01;31m[Kstod[m[K();
[4.298s]       |                                               [01;31m[K^~~~[m[K
[4.298s] [01m[K/home/joannerizkallah/assignment3/src/dummy_node2/src/dummy_cpp_node.cpp:53:40:[m[K [01;31m[Kerror: [m[Kâ€˜[01m[Kconst value_type[m[Kâ€™ {aka â€˜[01m[Kconst class nlohmann::json_abi_v3_11_2::basic_json<>[m[Kâ€™} has no member named â€˜[01m[Kstod[m[Kâ€™
[4.298s]    53 |         double d = command["distance"].[01;31m[Kstod[m[K();
[4.298s]       |                                        [01;31m[K^~~~[m[K
[6.841s] gmake[2]: *** [CMakeFiles/action_client.dir/build.make:76: CMakeFiles/action_client.dir/src/dummy_cpp_node.cpp.o] Error 1
[6.841s] gmake[1]: *** [CMakeFiles/Makefile2:158: CMakeFiles/action_client.dir/all] Error 2
[6.842s] gmake: *** [Makefile:146: all] Error 2
[6.848s] Invoked command in '/home/joannerizkallah/assignment3/build/dummy_node2' returned '2': CMAKE_PREFIX_PATH=/home/joannerizkallah/assignment3/install/interfaces:/home/joannerizkallah/assignment3/install/dummy_node2:/home/joannerizkallah/assignment3/install/dummy_node1:/opt/ros/humble LD_LIBRARY_PATH=/home/joannerizkallah/assignment3/install/interfaces/lib:/home/joannerizkallah/assignment3/install/dummy_node2/lib:/home/joannerizkallah/assignment3/install/dummy_node1/lib:/opt/ros/humble/opt/rviz_ogre_vendor/lib:/opt/ros/humble/lib/x86_64-linux-gnu:/opt/ros/humble/lib /usr/bin/cmake --build /home/joannerizkallah/assignment3/build/dummy_node2 -- -j4 -l4
