[ 33%] Built target dummy_cpp_node
[ 66%] Built target dummy_client
[ 83%] [32mBuilding CXX object CMakeFiles/action_client.dir/src/dummy_cpp_node.cpp.o[0m
In file included from [01m[K/opt/ros/humble/include/rclcpp/rclcpp/client.hpp:40[m[K,
                 from [01m[K/opt/ros/humble/include/rclcpp/rclcpp/callback_group.hpp:24[m[K,
                 from [01m[K/opt/ros/humble/include/rclcpp/rclcpp/any_executable.hpp:20[m[K,
                 from [01m[K/opt/ros/humble/include/rclcpp/rclcpp/memory_strategy.hpp:25[m[K,
                 from [01m[K/opt/ros/humble/include/rclcpp/rclcpp/memory_strategies.hpp:18[m[K,
                 from [01m[K/opt/ros/humble/include/rclcpp/rclcpp/executor_options.hpp:20[m[K,
                 from [01m[K/opt/ros/humble/include/rclcpp/rclcpp/executor.hpp:37[m[K,
                 from [01m[K/opt/ros/humble/include/rclcpp/rclcpp/executors/multi_threaded_executor.hpp:25[m[K,
                 from [01m[K/opt/ros/humble/include/rclcpp/rclcpp/executors.hpp:21[m[K,
                 from [01m[K/opt/ros/humble/include/rclcpp/rclcpp/rclcpp.hpp:155[m[K,
                 from [01m[K/home/joannerizkallah/assignment3/src/dummy_node2/src/dummy_cpp_node.cpp:9[m[K:
[01m[K/home/joannerizkallah/assignment3/src/dummy_node2/src/dummy_cpp_node.cpp:[m[K In member function â€˜[01m[Kvoid action_cpp::CustomActionClient::result_callback(const rclcpp_action::ClientGoalHandle<interfaces::action::Custom>::WrappedResult&)[m[Kâ€™:
[01m[K/home/joannerizkallah/assignment3/src/dummy_node2/src/dummy_cpp_node.cpp:101:23:[m[K [01;31m[Kerror: [m[Kâ€˜[01m[Kclass action_cpp::CustomActionClient[m[Kâ€™ has no member named â€˜[01m[Klogger[m[Kâ€™; did you mean â€˜[01m[Kget_logger[m[Kâ€™?
  101 |     RCLCPP_INFO(this->[01;31m[Klogger[m[K(), "%d", result->success);
      |                       [01;31m[K^~~~~~[m[K
[01m[K/home/joannerizkallah/assignment3/src/dummy_node2/src/dummy_cpp_node.cpp:101:23:[m[K [01;31m[Kerror: [m[Kâ€˜[01m[Kclass action_cpp::CustomActionClient[m[Kâ€™ has no member named â€˜[01m[Klogger[m[Kâ€™; did you mean â€˜[01m[Kget_logger[m[Kâ€™?
[01m[K/home/joannerizkallah/assignment3/src/dummy_node2/src/dummy_cpp_node.cpp:101:5:[m[K [01;31m[Kerror: [m[Ktemplate argument 1 is invalid
  101 |     [01;31m[KRCLCPP_INFO[m[K(this->logger(), "%d", result->success);
      |     [01;31m[K^~~~~~~~~~~[m[K
[01m[K/home/joannerizkallah/assignment3/src/dummy_node2/src/dummy_cpp_node.cpp:101:5:[m[K [01;31m[Kerror: [m[Kâ€˜[01m[K<declaration error>[m[Kâ€™ is not a template [[01;31m[K]8;;https://gcc.gnu.org/onlinedocs/gcc/Warning-Options.html#index-fpermissive-fpermissive]8;;[m[K]
  101 |     [01;31m[KRCLCPP_INFO[m[K(this->logger(), "%d", result->success);
      |     [01;31m[K^~~~~~~~~~~[m[K
[01m[K/home/joannerizkallah/assignment3/src/dummy_node2/src/dummy_cpp_node.cpp:101:5:[m[K [01;31m[Kerror: [m[Ktemplate argument 1 is invalid
  101 |     [01;31m[KRCLCPP_INFO[m[K(this->logger(), "%d", result->success);
      |     [01;31m[K^~~~~~~~~~~[m[K
[01m[K/home/joannerizkallah/assignment3/src/dummy_node2/src/dummy_cpp_node.cpp:101:5:[m[K [01;31m[Kerror: [m[Kâ€˜[01m[K<declaration error>[m[Kâ€™ is not a template [[01;31m[K]8;;https://gcc.gnu.org/onlinedocs/gcc/Warning-Options.html#index-fpermissive-fpermissive]8;;[m[K]
  101 |     [01;31m[KRCLCPP_INFO[m[K(this->logger(), "%d", result->success);
      |     [01;31m[K^~~~~~~~~~~[m[K
[01m[K/home/joannerizkallah/assignment3/src/dummy_node2/src/dummy_cpp_node.cpp:101:5:[m[K [01;31m[Kerror: [m[Ktemplate argument 1 is invalid
  101 |     [01;31m[KRCLCPP_INFO[m[K(this->logger(), "%d", result->success);
      |     [01;31m[K^~~~~~~~~~~[m[K
In file included from [01m[K/opt/ros/humble/include/rclcpp/rclcpp/logging.hpp:24[m[K,
                 from [01m[K/opt/ros/humble/include/rclcpp/rclcpp/client.hpp:40[m[K,
                 from [01m[K/opt/ros/humble/include/rclcpp/rclcpp/callback_group.hpp:24[m[K,
                 from [01m[K/opt/ros/humble/include/rclcpp/rclcpp/any_executable.hpp:20[m[K,
                 from [01m[K/opt/ros/humble/include/rclcpp/rclcpp/memory_strategy.hpp:25[m[K,
                 from [01m[K/opt/ros/humble/include/rclcpp/rclcpp/memory_strategies.hpp:18[m[K,
                 from [01m[K/opt/ros/humble/include/rclcpp/rclcpp/executor_options.hpp:20[m[K,
                 from [01m[K/opt/ros/humble/include/rclcpp/rclcpp/executor.hpp:37[m[K,
                 from [01m[K/opt/ros/humble/include/rclcpp/rclcpp/executors/multi_threaded_executor.hpp:25[m[K,
                 from [01m[K/opt/ros/humble/include/rclcpp/rclcpp/executors.hpp:21[m[K,
                 from [01m[K/opt/ros/humble/include/rclcpp/rclcpp/rclcpp.hpp:155[m[K,
                 from [01m[K/home/joannerizkallah/assignment3/src/dummy_node2/src/dummy_cpp_node.cpp:9[m[K:
[01m[K/home/joannerizkallah/assignment3/src/dummy_node2/src/dummy_cpp_node.cpp:101:23:[m[K [01;31m[Kerror: [m[Kâ€˜[01m[Kclass action_cpp::CustomActionClient[m[Kâ€™ has no member named â€˜[01m[Klogger[m[Kâ€™; did you mean â€˜[01m[Kget_logger[m[Kâ€™?
  101 |     RCLCPP_INFO(this->[01;31m[Klogger[m[K(), "%d", result->success);
      |                       [01;31m[K^~~~~~[m[K
[01m[K/home/joannerizkallah/assignment3/src/dummy_node2/src/dummy_cpp_node.cpp:101:23:[m[K [01;31m[Kerror: [m[Kâ€˜[01m[Kclass action_cpp::CustomActionClient[m[Kâ€™ has no member named â€˜[01m[Klogger[m[Kâ€™; did you mean â€˜[01m[Kget_logger[m[Kâ€™?
  101 |     RCLCPP_INFO(this->[01;31m[Klogger[m[K(), "%d", result->success);
      |                       [01;31m[K^~~~~~[m[K
[01m[K/home/joannerizkallah/assignment3/src/dummy_node2/src/dummy_cpp_node.cpp:101:45:[m[K [01;31m[Kerror: [m[Kbase operand of â€˜[01m[K->[m[Kâ€™ has non-pointer type â€˜[01m[Kconst rclcpp_action::ClientGoalHandle<interfaces::action::Custom>::WrappedResult[m[Kâ€™
  101 |     RCLCPP_INFO(this->logger(), "%d", result[01;31m[K->[m[Ksuccess);
      |                                             [01;31m[K^~[m[K
gmake[2]: *** [CMakeFiles/action_client.dir/build.make:76: CMakeFiles/action_client.dir/src/dummy_cpp_node.cpp.o] Error 1
gmake[1]: *** [CMakeFiles/Makefile2:141: CMakeFiles/action_client.dir/all] Error 2
gmake: *** [Makefile:146: all] Error 2
